[debug] [2025-11-14T09:06:31.716Z] ----------------------------------------------------------------------
[debug] [2025-11-14T09:06:31.718Z] Command:       C:\Program Files\nodejs\node.exe C:\Users\shara\AppData\Local\npm-cache\_npx\7750544ccf494d8b\node_modules\firebase-tools\lib\bin\firebase.js init
[debug] [2025-11-14T09:06:31.719Z] CLI Version:   14.25.0
[debug] [2025-11-14T09:06:31.719Z] Platform:      win32
[debug] [2025-11-14T09:06:31.719Z] Node Version:  v22.19.0
[debug] [2025-11-14T09:06:31.719Z] Time:          Fri Nov 14 2025 14:36:31 GMT+0530 (India Standard Time)
[debug] [2025-11-14T09:06:31.719Z] ----------------------------------------------------------------------
[debug] 
[info] 
     ######## #### ########  ######## ########     ###     ######  ########
     ##        ##  ##     ## ##       ##     ##  ##   ##  ##       ##
     ######    ##  ########  ######   ########  #########  ######  ######
     ##        ##  ##    ##  ##       ##     ## ##     ##       ## ##
     ##       #### ##     ## ######## ########  ##     ##  ######  ########

You're about to initialize a Firebase project in this directory:

  C:\Users\shara\Desktop\AD\code

[debug] [2025-11-14T09:08:08.014Z] ExitPromptError: User force closed the prompt with SIGINT
    at Interface.sigint (C:\Users\shara\AppData\Local\npm-cache\_npx\7750544ccf494d8b\node_modules\@inquirer\core\dist\commonjs\lib\create-prompt.js:101:37)
    at Interface.emit (node:events:519:28)
    at Interface.emit (node:domain:489:12)
    at [_ttyWrite] [as _ttyWrite] (node:internal/readline/interface:1132:18)
    at ReadStream.onkeypress (node:internal/readline/interface:271:20)
    at ReadStream.emit (node:events:531:35)
    at ReadStream.emit (node:domain:489:12)
    at emitKeys (node:internal/readline/utils:370:14)
    at emitKeys.next (<anonymous>)
    at ReadStream.onData (node:internal/readline/emitKeypressEvents:64:36)
[error] 
[error] Error: An unexpected error has occurred.
